C:\USERS\OUCHOI\DOCUMENTS\VISUAL STUDIO 2010\PROJECTS\DIRECTXSAMPLES\MESHES\DEBUG\BALL.OBJ
C:\USERS\OUCHOI\DOCUMENTS\VISUAL STUDIO 2010\PROJECTS\DIRECTXSAMPLES\MESHES\DEBUG\CALLOCATEHIERARCHY.OBJ
C:\USERS\OUCHOI\DOCUMENTS\VISUAL STUDIO 2010\PROJECTS\DIRECTXSAMPLES\MESHES\DEBUG\CAMERASETTING.OBJ
C:\Users\ouchoi\Documents\Visual Studio 2010\Projects\DirectXSamples\Meshes\Debug\cl.command.1.tlog
C:\Users\ouchoi\Documents\Visual Studio 2010\Projects\DirectXSamples\Meshes\Debug\CL.read.1.tlog
C:\Users\ouchoi\Documents\Visual Studio 2010\Projects\DirectXSamples\Meshes\Debug\CL.write.1.tlog
C:\USERS\OUCHOI\DOCUMENTS\VISUAL STUDIO 2010\PROJECTS\DIRECTXSAMPLES\MESHES\DEBUG\CMODEL.OBJ
C:\USERS\OUCHOI\DOCUMENTS\VISUAL STUDIO 2010\PROJECTS\DIRECTXSAMPLES\MESHES\DEBUG\DBALL.OBJ
C:\USERS\OUCHOI\DOCUMENTS\VISUAL STUDIO 2010\PROJECTS\DIRECTXSAMPLES\MESHES\DEBUG\DIRECTINPUT.OBJ
C:\USERS\OUCHOI\DOCUMENTS\VISUAL STUDIO 2010\PROJECTS\DIRECTXSAMPLES\MESHES\DEBUG\ITEMS.OBJ
C:\USERS\OUCHOI\DOCUMENTS\VISUAL STUDIO 2010\PROJECTS\DIRECTXSAMPLES\MESHES\DEBUG\ITEMSLIST.OBJ
C:\Users\ouchoi\Documents\Visual Studio 2010\Projects\DirectXSamples\Meshes\Debug\link.1252.read.1.tlog
C:\Users\ouchoi\Documents\Visual Studio 2010\Projects\DirectXSamples\Meshes\Debug\link.1252.write.1.tlog
C:\Users\ouchoi\Documents\Visual Studio 2010\Projects\DirectXSamples\Meshes\Debug\link.1252-cvtres.read.1.tlog
C:\Users\ouchoi\Documents\Visual Studio 2010\Projects\DirectXSamples\Meshes\Debug\link.1252-cvtres.write.1.tlog
C:\Users\ouchoi\Documents\Visual Studio 2010\Projects\DirectXSamples\Meshes\Debug\link.1420.read.1.tlog
C:\Users\ouchoi\Documents\Visual Studio 2010\Projects\DirectXSamples\Meshes\Debug\link.1420.write.1.tlog
C:\Users\ouchoi\Documents\Visual Studio 2010\Projects\DirectXSamples\Meshes\Debug\link.1420-cvtres.read.1.tlog
C:\Users\ouchoi\Documents\Visual Studio 2010\Projects\DirectXSamples\Meshes\Debug\link.1420-cvtres.write.1.tlog
C:\Users\ouchoi\Documents\Visual Studio 2010\Projects\DirectXSamples\Meshes\Debug\link.1908.read.1.tlog
C:\Users\ouchoi\Documents\Visual Studio 2010\Projects\DirectXSamples\Meshes\Debug\link.1908.write.1.tlog
C:\Users\ouchoi\Documents\Visual Studio 2010\Projects\DirectXSamples\Meshes\Debug\link.1908-cvtres.read.1.tlog
C:\Users\ouchoi\Documents\Visual Studio 2010\Projects\DirectXSamples\Meshes\Debug\link.1908-cvtres.write.1.tlog
C:\Users\ouchoi\Documents\Visual Studio 2010\Projects\DirectXSamples\Meshes\Debug\link.2900.read.1.tlog
C:\Users\ouchoi\Documents\Visual Studio 2010\Projects\DirectXSamples\Meshes\Debug\link.2900.write.1.tlog
C:\Users\ouchoi\Documents\Visual Studio 2010\Projects\DirectXSamples\Meshes\Debug\link.2900-cvtres.read.1.tlog
C:\Users\ouchoi\Documents\Visual Studio 2010\Projects\DirectXSamples\Meshes\Debug\link.2900-cvtres.write.1.tlog
C:\Users\ouchoi\Documents\Visual Studio 2010\Projects\DirectXSamples\Meshes\Debug\link.2960.read.1.tlog
C:\Users\ouchoi\Documents\Visual Studio 2010\Projects\DirectXSamples\Meshes\Debug\link.2960.write.1.tlog
C:\Users\ouchoi\Documents\Visual Studio 2010\Projects\DirectXSamples\Meshes\Debug\link.2960-cvtres.read.1.tlog
C:\Users\ouchoi\Documents\Visual Studio 2010\Projects\DirectXSamples\Meshes\Debug\link.2960-cvtres.write.1.tlog
C:\Users\ouchoi\Documents\Visual Studio 2010\Projects\DirectXSamples\Meshes\Debug\link.3048.read.1.tlog
C:\Users\ouchoi\Documents\Visual Studio 2010\Projects\DirectXSamples\Meshes\Debug\link.3048.write.1.tlog
C:\Users\ouchoi\Documents\Visual Studio 2010\Projects\DirectXSamples\Meshes\Debug\link.3048-cvtres.read.1.tlog
C:\Users\ouchoi\Documents\Visual Studio 2010\Projects\DirectXSamples\Meshes\Debug\link.3048-cvtres.write.1.tlog
C:\Users\ouchoi\Documents\Visual Studio 2010\Projects\DirectXSamples\Meshes\Debug\link.3288.read.1.tlog
C:\Users\ouchoi\Documents\Visual Studio 2010\Projects\DirectXSamples\Meshes\Debug\link.3288.write.1.tlog
C:\Users\ouchoi\Documents\Visual Studio 2010\Projects\DirectXSamples\Meshes\Debug\link.3288-cvtres.read.1.tlog
C:\Users\ouchoi\Documents\Visual Studio 2010\Projects\DirectXSamples\Meshes\Debug\link.3288-cvtres.write.1.tlog
C:\Users\ouchoi\Documents\Visual Studio 2010\Projects\DirectXSamples\Meshes\Debug\link.3484.read.1.tlog
C:\Users\ouchoi\Documents\Visual Studio 2010\Projects\DirectXSamples\Meshes\Debug\link.3484.write.1.tlog
C:\Users\ouchoi\Documents\Visual Studio 2010\Projects\DirectXSamples\Meshes\Debug\link.3484-cvtres.read.1.tlog
C:\Users\ouchoi\Documents\Visual Studio 2010\Projects\DirectXSamples\Meshes\Debug\link.3484-cvtres.write.1.tlog
C:\Users\ouchoi\Documents\Visual Studio 2010\Projects\DirectXSamples\Meshes\Debug\link.3704.read.1.tlog
C:\Users\ouchoi\Documents\Visual Studio 2010\Projects\DirectXSamples\Meshes\Debug\link.3704.write.1.tlog
C:\Users\ouchoi\Documents\Visual Studio 2010\Projects\DirectXSamples\Meshes\Debug\link.3704-cvtres.read.1.tlog
C:\Users\ouchoi\Documents\Visual Studio 2010\Projects\DirectXSamples\Meshes\Debug\link.3704-cvtres.write.1.tlog
C:\Users\ouchoi\Documents\Visual Studio 2010\Projects\DirectXSamples\Meshes\Debug\link.3752.read.1.tlog
C:\Users\ouchoi\Documents\Visual Studio 2010\Projects\DirectXSamples\Meshes\Debug\link.3752.write.1.tlog
C:\Users\ouchoi\Documents\Visual Studio 2010\Projects\DirectXSamples\Meshes\Debug\link.3752-cvtres.read.1.tlog
C:\Users\ouchoi\Documents\Visual Studio 2010\Projects\DirectXSamples\Meshes\Debug\link.3752-cvtres.write.1.tlog
C:\Users\ouchoi\Documents\Visual Studio 2010\Projects\DirectXSamples\Meshes\Debug\link.3824.read.1.tlog
C:\Users\ouchoi\Documents\Visual Studio 2010\Projects\DirectXSamples\Meshes\Debug\link.3824.write.1.tlog
C:\Users\ouchoi\Documents\Visual Studio 2010\Projects\DirectXSamples\Meshes\Debug\link.3824-cvtres.read.1.tlog
C:\Users\ouchoi\Documents\Visual Studio 2010\Projects\DirectXSamples\Meshes\Debug\link.3824-cvtres.write.1.tlog
C:\Users\ouchoi\Documents\Visual Studio 2010\Projects\DirectXSamples\Meshes\Debug\link.3864.read.1.tlog
C:\Users\ouchoi\Documents\Visual Studio 2010\Projects\DirectXSamples\Meshes\Debug\link.3864.write.1.tlog
C:\Users\ouchoi\Documents\Visual Studio 2010\Projects\DirectXSamples\Meshes\Debug\link.3864-cvtres.read.1.tlog
C:\Users\ouchoi\Documents\Visual Studio 2010\Projects\DirectXSamples\Meshes\Debug\link.3864-cvtres.write.1.tlog
C:\Users\ouchoi\Documents\Visual Studio 2010\Projects\DirectXSamples\Meshes\Debug\link.4128.read.1.tlog
C:\Users\ouchoi\Documents\Visual Studio 2010\Projects\DirectXSamples\Meshes\Debug\link.4128.write.1.tlog
C:\Users\ouchoi\Documents\Visual Studio 2010\Projects\DirectXSamples\Meshes\Debug\link.4128-cvtres.read.1.tlog
C:\Users\ouchoi\Documents\Visual Studio 2010\Projects\DirectXSamples\Meshes\Debug\link.4128-cvtres.write.1.tlog
C:\Users\ouchoi\Documents\Visual Studio 2010\Projects\DirectXSamples\Meshes\Debug\link.4324.read.1.tlog
C:\Users\ouchoi\Documents\Visual Studio 2010\Projects\DirectXSamples\Meshes\Debug\link.4324.write.1.tlog
C:\Users\ouchoi\Documents\Visual Studio 2010\Projects\DirectXSamples\Meshes\Debug\link.4324-cvtres.read.1.tlog
C:\Users\ouchoi\Documents\Visual Studio 2010\Projects\DirectXSamples\Meshes\Debug\link.4324-cvtres.write.1.tlog
C:\Users\ouchoi\Documents\Visual Studio 2010\Projects\DirectXSamples\Meshes\Debug\link.4380.read.1.tlog
C:\Users\ouchoi\Documents\Visual Studio 2010\Projects\DirectXSamples\Meshes\Debug\link.4380.write.1.tlog
C:\Users\ouchoi\Documents\Visual Studio 2010\Projects\DirectXSamples\Meshes\Debug\link.4380-cvtres.read.1.tlog
C:\Users\ouchoi\Documents\Visual Studio 2010\Projects\DirectXSamples\Meshes\Debug\link.4380-cvtres.write.1.tlog
C:\Users\ouchoi\Documents\Visual Studio 2010\Projects\DirectXSamples\Meshes\Debug\link.4648.read.1.tlog
C:\Users\ouchoi\Documents\Visual Studio 2010\Projects\DirectXSamples\Meshes\Debug\link.4648.write.1.tlog
C:\Users\ouchoi\Documents\Visual Studio 2010\Projects\DirectXSamples\Meshes\Debug\link.4648-cvtres.read.1.tlog
C:\Users\ouchoi\Documents\Visual Studio 2010\Projects\DirectXSamples\Meshes\Debug\link.4648-cvtres.write.1.tlog
C:\Users\ouchoi\Documents\Visual Studio 2010\Projects\DirectXSamples\Meshes\Debug\link.4756.read.1.tlog
C:\Users\ouchoi\Documents\Visual Studio 2010\Projects\DirectXSamples\Meshes\Debug\link.4756.write.1.tlog
C:\Users\ouchoi\Documents\Visual Studio 2010\Projects\DirectXSamples\Meshes\Debug\link.4756-cvtres.read.1.tlog
C:\Users\ouchoi\Documents\Visual Studio 2010\Projects\DirectXSamples\Meshes\Debug\link.4756-cvtres.write.1.tlog
C:\Users\ouchoi\Documents\Visual Studio 2010\Projects\DirectXSamples\Meshes\Debug\link.4880.read.1.tlog
C:\Users\ouchoi\Documents\Visual Studio 2010\Projects\DirectXSamples\Meshes\Debug\link.4880.write.1.tlog
C:\Users\ouchoi\Documents\Visual Studio 2010\Projects\DirectXSamples\Meshes\Debug\link.4880-cvtres.read.1.tlog
C:\Users\ouchoi\Documents\Visual Studio 2010\Projects\DirectXSamples\Meshes\Debug\link.4880-cvtres.write.1.tlog
C:\Users\ouchoi\Documents\Visual Studio 2010\Projects\DirectXSamples\Meshes\Debug\link.4928.read.1.tlog
C:\Users\ouchoi\Documents\Visual Studio 2010\Projects\DirectXSamples\Meshes\Debug\link.4928.write.1.tlog
C:\Users\ouchoi\Documents\Visual Studio 2010\Projects\DirectXSamples\Meshes\Debug\link.4928-cvtres.read.1.tlog
C:\Users\ouchoi\Documents\Visual Studio 2010\Projects\DirectXSamples\Meshes\Debug\link.4928-cvtres.write.1.tlog
C:\Users\ouchoi\Documents\Visual Studio 2010\Projects\DirectXSamples\Meshes\Debug\link.5192.read.1.tlog
C:\Users\ouchoi\Documents\Visual Studio 2010\Projects\DirectXSamples\Meshes\Debug\link.5192.write.1.tlog
C:\Users\ouchoi\Documents\Visual Studio 2010\Projects\DirectXSamples\Meshes\Debug\link.5192-cvtres.read.1.tlog
C:\Users\ouchoi\Documents\Visual Studio 2010\Projects\DirectXSamples\Meshes\Debug\link.5192-cvtres.write.1.tlog
C:\Users\ouchoi\Documents\Visual Studio 2010\Projects\DirectXSamples\Meshes\Debug\link.5256.read.1.tlog
C:\Users\ouchoi\Documents\Visual Studio 2010\Projects\DirectXSamples\Meshes\Debug\link.5256.write.1.tlog
C:\Users\ouchoi\Documents\Visual Studio 2010\Projects\DirectXSamples\Meshes\Debug\link.5256-cvtres.read.1.tlog
C:\Users\ouchoi\Documents\Visual Studio 2010\Projects\DirectXSamples\Meshes\Debug\link.5256-cvtres.write.1.tlog
C:\Users\ouchoi\Documents\Visual Studio 2010\Projects\DirectXSamples\Meshes\Debug\link.5264.read.1.tlog
C:\Users\ouchoi\Documents\Visual Studio 2010\Projects\DirectXSamples\Meshes\Debug\link.5264.write.1.tlog
C:\Users\ouchoi\Documents\Visual Studio 2010\Projects\DirectXSamples\Meshes\Debug\link.5264-cvtres.read.1.tlog
C:\Users\ouchoi\Documents\Visual Studio 2010\Projects\DirectXSamples\Meshes\Debug\link.5264-cvtres.write.1.tlog
C:\Users\ouchoi\Documents\Visual Studio 2010\Projects\DirectXSamples\Meshes\Debug\link.5392.read.1.tlog
C:\Users\ouchoi\Documents\Visual Studio 2010\Projects\DirectXSamples\Meshes\Debug\link.5392.write.1.tlog
C:\Users\ouchoi\Documents\Visual Studio 2010\Projects\DirectXSamples\Meshes\Debug\link.5392-cvtres.read.1.tlog
C:\Users\ouchoi\Documents\Visual Studio 2010\Projects\DirectXSamples\Meshes\Debug\link.5392-cvtres.write.1.tlog
C:\Users\ouchoi\Documents\Visual Studio 2010\Projects\DirectXSamples\Meshes\Debug\link.544.read.1.tlog
C:\Users\ouchoi\Documents\Visual Studio 2010\Projects\DirectXSamples\Meshes\Debug\link.544.write.1.tlog
C:\Users\ouchoi\Documents\Visual Studio 2010\Projects\DirectXSamples\Meshes\Debug\link.544-cvtres.read.1.tlog
C:\Users\ouchoi\Documents\Visual Studio 2010\Projects\DirectXSamples\Meshes\Debug\link.544-cvtres.write.1.tlog
C:\Users\ouchoi\Documents\Visual Studio 2010\Projects\DirectXSamples\Meshes\Debug\link.5528.read.1.tlog
C:\Users\ouchoi\Documents\Visual Studio 2010\Projects\DirectXSamples\Meshes\Debug\link.5528.write.1.tlog
C:\Users\ouchoi\Documents\Visual Studio 2010\Projects\DirectXSamples\Meshes\Debug\link.5528-cvtres.read.1.tlog
C:\Users\ouchoi\Documents\Visual Studio 2010\Projects\DirectXSamples\Meshes\Debug\link.5528-cvtres.write.1.tlog
C:\Users\ouchoi\Documents\Visual Studio 2010\Projects\DirectXSamples\Meshes\Debug\link.5776.read.1.tlog
C:\Users\ouchoi\Documents\Visual Studio 2010\Projects\DirectXSamples\Meshes\Debug\link.5776.write.1.tlog
C:\Users\ouchoi\Documents\Visual Studio 2010\Projects\DirectXSamples\Meshes\Debug\link.5776-cvtres.read.1.tlog
C:\Users\ouchoi\Documents\Visual Studio 2010\Projects\DirectXSamples\Meshes\Debug\link.5776-cvtres.write.1.tlog
C:\Users\ouchoi\Documents\Visual Studio 2010\Projects\DirectXSamples\Meshes\Debug\link.5896.read.1.tlog
C:\Users\ouchoi\Documents\Visual Studio 2010\Projects\DirectXSamples\Meshes\Debug\link.5896.write.1.tlog
C:\Users\ouchoi\Documents\Visual Studio 2010\Projects\DirectXSamples\Meshes\Debug\link.5896-cvtres.read.1.tlog
C:\Users\ouchoi\Documents\Visual Studio 2010\Projects\DirectXSamples\Meshes\Debug\link.5896-cvtres.write.1.tlog
C:\Users\ouchoi\Documents\Visual Studio 2010\Projects\DirectXSamples\Meshes\Debug\link.5988.read.1.tlog
C:\Users\ouchoi\Documents\Visual Studio 2010\Projects\DirectXSamples\Meshes\Debug\link.5988.write.1.tlog
C:\Users\ouchoi\Documents\Visual Studio 2010\Projects\DirectXSamples\Meshes\Debug\link.5988-cvtres.read.1.tlog
C:\Users\ouchoi\Documents\Visual Studio 2010\Projects\DirectXSamples\Meshes\Debug\link.5988-cvtres.write.1.tlog
C:\Users\ouchoi\Documents\Visual Studio 2010\Projects\DirectXSamples\Meshes\Debug\link.6048.read.1.tlog
C:\Users\ouchoi\Documents\Visual Studio 2010\Projects\DirectXSamples\Meshes\Debug\link.6048.write.1.tlog
C:\Users\ouchoi\Documents\Visual Studio 2010\Projects\DirectXSamples\Meshes\Debug\link.6048-cvtres.read.1.tlog
C:\Users\ouchoi\Documents\Visual Studio 2010\Projects\DirectXSamples\Meshes\Debug\link.6048-cvtres.write.1.tlog
C:\Users\ouchoi\Documents\Visual Studio 2010\Projects\DirectXSamples\Meshes\Debug\link.command.1.tlog
C:\Users\ouchoi\Documents\Visual Studio 2010\Projects\DirectXSamples\Meshes\Debug\link.read.1.tlog
C:\Users\ouchoi\Documents\Visual Studio 2010\Projects\DirectXSamples\Meshes\Debug\link.write.1.tlog
C:\Users\ouchoi\Documents\Visual Studio 2010\Projects\DirectXSamples\Meshes\Debug\link-cvtres.read.1.tlog
C:\Users\ouchoi\Documents\Visual Studio 2010\Projects\DirectXSamples\Meshes\Debug\link-cvtres.write.1.tlog
C:\USERS\OUCHOI\DOCUMENTS\VISUAL STUDIO 2010\PROJECTS\DIRECTXSAMPLES\MESHES\DEBUG\MESHES.EXE
C:\USERS\OUCHOI\DOCUMENTS\VISUAL STUDIO 2010\PROJECTS\DIRECTXSAMPLES\MESHES\DEBUG\MESHES.EXE.EMBED.MANIFEST
C:\USERS\OUCHOI\DOCUMENTS\VISUAL STUDIO 2010\PROJECTS\DIRECTXSAMPLES\MESHES\DEBUG\MESHES.EXE.EMBED.MANIFEST.RES
C:\USERS\OUCHOI\DOCUMENTS\VISUAL STUDIO 2010\PROJECTS\DIRECTXSAMPLES\MESHES\DEBUG\MESHES.EXE.INTERMEDIATE.MANIFEST
C:\USERS\OUCHOI\DOCUMENTS\VISUAL STUDIO 2010\PROJECTS\DIRECTXSAMPLES\MESHES\DEBUG\MESHES.ILK
C:\USERS\OUCHOI\DOCUMENTS\VISUAL STUDIO 2010\PROJECTS\DIRECTXSAMPLES\MESHES\DEBUG\MESHES.OBJ
C:\USERS\OUCHOI\DOCUMENTS\VISUAL STUDIO 2010\PROJECTS\DIRECTXSAMPLES\MESHES\DEBUG\MESHES.PDB
C:\USERS\OUCHOI\DOCUMENTS\VISUAL STUDIO 2010\PROJECTS\DIRECTXSAMPLES\MESHES\DEBUG\MESHES.RES
C:\Users\ouchoi\Documents\Visual Studio 2010\Projects\DirectXSamples\Meshes\Debug\Meshes_manifest.rc
C:\USERS\OUCHOI\DOCUMENTS\VISUAL STUDIO 2010\PROJECTS\DIRECTXSAMPLES\MESHES\DEBUG\MONLIST.OBJ
C:\USERS\OUCHOI\DOCUMENTS\VISUAL STUDIO 2010\PROJECTS\DIRECTXSAMPLES\MESHES\DEBUG\MONSTER.OBJ
C:\USERS\OUCHOI\DOCUMENTS\VISUAL STUDIO 2010\PROJECTS\DIRECTXSAMPLES\MESHES\DEBUG\MOVING.OBJ
C:\Users\ouchoi\Documents\Visual Studio 2010\Projects\DirectXSamples\Meshes\Debug\mt.command.1.tlog
C:\Users\ouchoi\Documents\Visual Studio 2010\Projects\DirectXSamples\Meshes\Debug\mt.read.1.tlog
C:\Users\ouchoi\Documents\Visual Studio 2010\Projects\DirectXSamples\Meshes\Debug\mt.write.1.tlog
C:\Users\ouchoi\Documents\Visual Studio 2010\Projects\DirectXSamples\Meshes\Debug\rc.command.1.tlog
C:\Users\ouchoi\Documents\Visual Studio 2010\Projects\DirectXSamples\Meshes\Debug\rc.read.1.tlog
C:\Users\ouchoi\Documents\Visual Studio 2010\Projects\DirectXSamples\Meshes\Debug\rc.write.1.tlog
C:\USERS\OUCHOI\DOCUMENTS\VISUAL STUDIO 2010\PROJECTS\DIRECTXSAMPLES\MESHES\DEBUG\TIGER.OBJ
C:\USERS\OUCHOI\DOCUMENTS\VISUAL STUDIO 2010\PROJECTS\DIRECTXSAMPLES\MESHES\DEBUG\UI.OBJ
C:\Users\ouchoi\Documents\Visual Studio 2010\Projects\DirectXSamples\Meshes\Debug\vc100.idb
C:\USERS\OUCHOI\DOCUMENTS\VISUAL STUDIO 2010\PROJECTS\DIRECTXSAMPLES\MESHES\DEBUG\VC100.PDB
C:\USERS\OUCHOI\DOCUMENTS\VISUAL STUDIO 2010\PROJECTS\DIRECTXSAMPLES\MESHES\DEBUG\XFILE.OBJ
C:\USERS\OUCHOI\DOCUMENTS\VISUAL STUDIO 2010\PROJECTS\DIRECTXSAMPLES\MESHES\DEBUG\ZCAMERA.OBJ
